npm verb cli C:\Program Files\nodejs\node.exe C:\Program Files\nodejs\node_modules\npm\bin\npm-cli.js
npm info using npm@10.5.0
npm info using node@v20.12.1
npm verb title npm install
npm verb argv "install" "--legacy-peer-deps" "--loglevel" "verbose"
npm verb logfile logs-max:10 dir:C:\Users\felip\AppData\Local\npm-cache\_logs\2024-07-28T22_27_14_994Z-
npm verb logfile C:\Users\felip\AppData\Local\npm-cache\_logs\2024-07-28T22_27_14_994Z-debug-0.log
npm http fetch GET 200 https://registry.npmjs.org/@faker-js%2ffaker 1301ms (cache revalidated)
npm http fetch GET 200 https://registry.npmjs.org/cypress-mochawesome-reporter 768ms (cache revalidated)
npm http fetch GET 200 https://registry.npmjs.org/browserstack-cypress-cli 357ms (cache revalidated)
npm http fetch GET 200 https://registry.npmjs.org/cypress 800ms (cache revalidated)
npm http fetch GET 200 https://registry.npmjs.org/uuid 83ms (cache revalidated)
npm http fetch GET 200 https://registry.npmjs.org/glob 149ms (cache revalidated)
npm http fetch GET 200 https://registry.npmjs.org/async 170ms (cache revalidated)
npm http fetch GET 200 https://registry.npmjs.org/chalk 95ms (cache revalidated)
npm http fetch GET 200 https://registry.npmjs.org/yargs 90ms (cache revalidated)
npm http fetch GET 200 https://registry.npmjs.org/mocha 775ms (cache revalidated)
npm http fetch GET 200 https://registry.npmjs.org/table 859ms (cache revalidated)
npm http fetch GET 200 https://registry.npmjs.org/mkdirp 314ms (cache revalidated)
npm http fetch GET 200 https://registry.npmjs.org/getmac 1036ms (cache revalidated)
npm http fetch GET 200 https://registry.npmjs.org/request 327ms (cache revalidated)
npm http fetch GET 200 https://registry.npmjs.org/archiver 694ms (cache revalidated)
npm http fetch GET 200 https://registry.npmjs.org/winston 822ms (cache revalidated)
npm http fetch GET 200 https://registry.npmjs.org/fs-extra 791ms (cache revalidated)
npm http fetch GET 200 https://registry.npmjs.org/decompress 313ms (cache revalidated)
npm http fetch GET 200 https://registry.npmjs.org/cli-progress 309ms (cache revalidated)
npm http fetch GET 200 https://registry.npmjs.org/node-ipc 707ms (cache revalidated)
npm http fetch GET 200 https://registry.npmjs.org/gitconfiglocal 340ms (cache revalidated)
npm http fetch GET 200 https://registry.npmjs.org/requestretry 740ms (cache revalidated)
npm http fetch GET 200 https://registry.npmjs.org/git-repo-info 777ms (cache revalidated)
npm http fetch GET 200 https://registry.npmjs.org/update-notifier 69ms (cache revalidated)
npm http fetch GET 200 https://registry.npmjs.org/git-last-commit 291ms (cache revalidated)
npm http fetch GET 200 https://registry.npmjs.org/tmp 108ms (cache revalidated)
npm http fetch GET 200 https://registry.npmjs.org/windows-release 686ms (cache revalidated)
npm http fetch GET 200 https://registry.npmjs.org/browserstack-local 817ms (cache revalidated)
npm http fetch GET 200 https://registry.npmjs.org/debug 70ms (cache revalidated)
npm http fetch GET 200 https://registry.npmjs.org/arch 734ms (cache revalidated)
npm http fetch GET 200 https://registry.npmjs.org/dayjs 321ms (cache revalidated)
npm http fetch GET 200 https://registry.npmjs.org/execa 304ms (cache revalidated)
npm http fetch GET 200 https://registry.npmjs.org/is-ci 461ms (cache revalidated)
npm http fetch GET 200 https://registry.npmjs.org/getos 491ms (cache revalidated)
npm http fetch GET 200 https://registry.npmjs.org/listr2 114ms (cache revalidated)
npm http fetch GET 200 https://registry.npmjs.org/lodash 326ms (cache revalidated)
npm http fetch GET 200 https://registry.npmjs.org/yauzl 765ms (cache revalidated)
npm http fetch GET 200 https://registry.npmjs.org/semver 64ms (cache revalidated)
npm http fetch GET 200 https://registry.npmjs.org/buffer 751ms (cache revalidated)
npm http fetch GET 200 https://registry.npmjs.org/process 76ms (cache revalidated)
npm http fetch GET 200 https://registry.npmjs.org/bluebird 84ms (cache revalidated)
npm http fetch GET 200 https://registry.npmjs.org/ospath 711ms (cache revalidated)
npm http fetch GET 200 https://registry.npmjs.org/figures 768ms (cache revalidated)
npm http fetch GET 200 https://registry.npmjs.org/cachedir 647ms (cache revalidated)
npm http fetch GET 200 https://registry.npmjs.org/minimist 91ms (cache revalidated)
npm http fetch GET 200 https://registry.npmjs.org/enquirer 759ms (cache revalidated)
npm http fetch GET 200 https://registry.npmjs.org/lazy-ass 710ms (cache revalidated)
npm http fetch GET 200 https://registry.npmjs.org/commander 137ms (cache revalidated)
npm http fetch GET 200 https://registry.npmjs.org/cli-cursor 119ms (cache revalidated)
npm http fetch GET 200 https://registry.npmjs.org/blob-util 697ms (cache revalidated)
npm http fetch GET 200 https://registry.npmjs.org/executable 290ms (cache revalidated)
npm http fetch GET 200 https://registry.npmjs.org/untildify 732ms (cache revalidated)
npm http fetch GET 200 https://registry.npmjs.org/cli-table3 733ms (cache revalidated)
npm http fetch GET 200 https://registry.npmjs.org/log-symbols 307ms (cache revalidated)
npm http fetch GET 200 https://registry.npmjs.org/common-tags 697ms (cache revalidated)
npm http fetch GET 200 https://registry.npmjs.org/extract-zip 735ms (cache revalidated)
npm http fetch GET 200 https://registry.npmjs.org/pretty-bytes 714ms (cache revalidated)
npm http fetch GET 200 https://registry.npmjs.org/@types%2fsizzle 559ms (cache revalidated)
npm http fetch GET 200 https://registry.npmjs.org/proxy-from-env 77ms (cache revalidated)
npm http fetch GET 200 https://registry.npmjs.org/@cypress%2fxvfb 1094ms (cache revalidated)
npm http fetch GET 200 https://registry.npmjs.org/supports-color 301ms (cache revalidated)
npm http fetch GET 200 https://registry.npmjs.org/eventemitter2 762ms (cache revalidated)
npm http fetch GET 200 https://registry.npmjs.org/request-progress 309ms (cache revalidated)
npm http fetch GET 200 https://registry.npmjs.org/is-installed-globally 84ms (cache revalidated)
npm http fetch GET 200 https://registry.npmjs.org/check-more-types 743ms (cache revalidated)
npm http fetch GET 200 https://registry.npmjs.org/@cypress%2frequest 1155ms (cache revalidated)
npm http fetch GET 200 https://registry.npmjs.org/@types%2fsinonjs__fake-timers 554ms (cache revalidated)
npm http fetch GET 200 https://registry.npmjs.org/mochawesome 762ms (cache revalidated)
npm http fetch GET 200 https://registry.npmjs.org/mochawesome-merge 759ms (cache revalidated)
npm http fetch GET 200 https://registry.npmjs.org/mochawesome-report-generator 791ms (cache revalidated)
npm http fetch GET 200 https://registry.npmjs.org/buffer-crc32 103ms (cache revalidated)
npm http fetch GET 200 https://registry.npmjs.org/readable-stream 121ms (cache revalidated)
npm http fetch GET 200 https://registry.npmjs.org/readdir-glob 309ms (cache revalidated)
npm http fetch GET 200 https://registry.npmjs.org/archiver-utils 838ms (cache revalidated)
npm http fetch GET 200 https://registry.npmjs.org/tar-stream 730ms (cache revalidated)
npm http fetch GET 200 https://registry.npmjs.org/https-proxy-agent 72ms (cache revalidated)
npm http fetch GET 200 https://registry.npmjs.org/zip-stream 671ms (cache revalidated)
npm http fetch GET 200 https://registry.npmjs.org/is-running 766ms (cache revalidated)
npm http fetch GET 200 https://registry.npmjs.org/ps-tree 777ms (cache revalidated)
npm http fetch GET 200 https://registry.npmjs.org/agent-base 109ms (cache revalidated)
npm http fetch GET 200 https://registry.npmjs.org/temp-fs 670ms (cache revalidated)
npm http fetch GET 200 https://registry.npmjs.org/string-width 79ms (cache revalidated)
npm http fetch GET 200 https://registry.npmjs.org/ansi-styles 316ms (cache revalidated)
npm http fetch GET 200 https://registry.npmjs.org/decompress-tar 276ms (cache revalidated)
npm http fetch GET 200 https://registry.npmjs.org/decompress-targz 285ms (cache revalidated)
npm http fetch GET 200 https://registry.npmjs.org/decompress-unzip 297ms (cache revalidated)
npm http fetch GET 200 https://registry.npmjs.org/graceful-fs 65ms (cache revalidated)
npm http fetch GET 200 https://registry.npmjs.org/decompress-tarbz2 710ms (cache revalidated)
npm http fetch GET 200 https://registry.npmjs.org/pify 281ms (cache revalidated)
npm http fetch GET 200 https://registry.npmjs.org/jsonfile 71ms (cache revalidated)
npm http fetch GET 200 https://registry.npmjs.org/universalify 74ms (cache revalidated)
npm http fetch GET 200 https://registry.npmjs.org/strip-dirs 283ms (cache revalidated)
npm http fetch GET 200 https://registry.npmjs.org/@types%2fnode 274ms (cache revalidated)
npm http fetch GET 200 https://registry.npmjs.org/make-dir 936ms (cache revalidated)
npm http fetch GET 200 https://registry.npmjs.org/once 106ms (cache revalidated)
npm http fetch GET 200 https://registry.npmjs.org/inflight 203ms (cache revalidated)
npm http fetch GET 200 https://registry.npmjs.org/inherits 134ms (cache revalidated)
npm http fetch GET 200 https://registry.npmjs.org/fs.realpath 123ms (cache revalidated)
npm http fetch GET 200 https://registry.npmjs.org/ini 799ms (cache revalidated)
npm http fetch GET 200 https://registry.npmjs.org/path-is-absolute 72ms (cache revalidated)
npm http fetch GET 200 https://registry.npmjs.org/ansi-colors 71ms (cache revalidated)
npm http fetch GET 200 https://registry.npmjs.org/chokidar 98ms (cache revalidated)
npm http fetch GET 200 https://registry.npmjs.org/browser-stdout 289ms (cache revalidated)
npm http fetch GET 200 https://registry.npmjs.org/diff 284ms (cache revalidated)
npm http fetch GET 200 https://registry.npmjs.org/minimatch 678ms (cache revalidated)
npm http fetch GET 200 https://registry.npmjs.org/he 63ms (cache revalidated)
npm http fetch GET 200 https://registry.npmjs.org/js-yaml 75ms (cache revalidated)
npm http fetch GET 200 https://registry.npmjs.org/find-up 301ms (cache revalidated)
npm http fetch GET 200 https://registry.npmjs.org/ms 120ms (cache revalidated)
npm http fetch GET 200 https://registry.npmjs.org/serialize-javascript 64ms (cache revalidated)
npm http fetch GET 200 https://registry.npmjs.org/strip-json-comments 73ms (cache revalidated)
npm http fetch GET 200 https://registry.npmjs.org/escape-string-regexp 703ms (cache revalidated)
npm http fetch GET 200 https://registry.npmjs.org/workerpool 307ms (cache revalidated)
npm http fetch GET 200 https://registry.npmjs.org/event-pubsub 299ms (cache revalidated)
npm http fetch GET 200 https://registry.npmjs.org/yargs-parser 743ms (cache revalidated)
npm http fetch GET 200 https://registry.npmjs.org/js-message 424ms (cache revalidated)
npm http fetch GET 200 https://registry.npmjs.org/yargs-unparser 819ms (cache revalidated)
npm http fetch GET 200 https://registry.npmjs.org/aws-sign2 121ms (cache revalidated)
npm http fetch GET 200 https://registry.npmjs.org/aws4 120ms (cache revalidated)
npm http fetch GET 200 https://registry.npmjs.org/js-queue 370ms (cache revalidated)
npm http fetch GET 200 https://registry.npmjs.org/caseless 74ms (cache revalidated)
npm http fetch GET 200 https://registry.npmjs.org/combined-stream 90ms (cache revalidated)
npm http fetch GET 200 https://registry.npmjs.org/forever-agent 56ms (cache revalidated)
npm http fetch GET 200 https://registry.npmjs.org/form-data 159ms (cache revalidated)
npm http fetch GET 200 https://registry.npmjs.org/har-validator 127ms (cache revalidated)
npm http fetch GET 200 https://registry.npmjs.org/extend 282ms (cache revalidated)
npm http fetch GET 200 https://registry.npmjs.org/is-typedarray 56ms (cache revalidated)
npm http fetch GET 200 https://registry.npmjs.org/http-signature 71ms (cache revalidated)
npm http fetch GET 200 https://registry.npmjs.org/isstream 70ms (cache revalidated)
npm http fetch GET 200 https://registry.npmjs.org/json-stringify-safe 67ms (cache revalidated)
npm http fetch GET 200 https://registry.npmjs.org/mime-types 90ms (cache revalidated)
npm http fetch GET 200 https://registry.npmjs.org/oauth-sign 78ms (cache revalidated)
npm http fetch GET 200 https://registry.npmjs.org/qs 83ms (cache revalidated)
npm http fetch GET 200 https://registry.npmjs.org/safe-buffer 82ms (cache revalidated)
npm http fetch GET 200 https://registry.npmjs.org/tunnel-agent 74ms (cache revalidated)
npm http fetch GET 200 https://registry.npmjs.org/tough-cookie 95ms (cache revalidated)
npm http fetch GET 200 https://registry.npmjs.org/ajv 85ms (cache revalidated)
npm http fetch GET 200 https://registry.npmjs.org/performance-now 337ms (cache revalidated)
npm http fetch GET 200 https://registry.npmjs.org/slice-ansi 109ms (cache revalidated)
npm http fetch GET 200 https://registry.npmjs.org/boxen 64ms (cache revalidated)
npm http fetch GET 200 https://registry.npmjs.org/is-npm 72ms (cache revalidated)
npm http fetch GET 200 https://registry.npmjs.org/configstore 272ms (cache revalidated)
npm http fetch GET 200 https://registry.npmjs.org/import-lazy 78ms (cache revalidated)
npm http fetch GET 200 https://registry.npmjs.org/semver-diff 71ms (cache revalidated)
npm http fetch GET 200 https://registry.npmjs.org/pupa 699ms (cache revalidated)
npm http fetch GET 200 https://registry.npmjs.org/is-in-ci 665ms (cache revalidated)
npm http fetch GET 200 https://registry.npmjs.org/latest-version 71ms (cache revalidated)
npm http fetch GET 200 https://registry.npmjs.org/eyes 380ms (cache revalidated)
npm http fetch GET 200 https://registry.npmjs.org/xdg-basedir 802ms (cache revalidated)
npm http fetch GET 200 https://registry.npmjs.org/stack-trace 68ms (cache revalidated)
npm http fetch GET 200 https://registry.npmjs.org/cycle 746ms (cache revalidated)
npm http fetch GET 200 https://registry.npmjs.org/y18n 299ms (cache revalidated)
npm http fetch GET 200 https://registry.npmjs.org/decamelize 125ms (cache revalidated)
npm http fetch GET 200 https://registry.npmjs.org/cliui 306ms (cache revalidated)
npm http fetch GET 200 https://registry.npmjs.org/colors 716ms (cache revalidated)
npm http fetch GET 200 https://registry.npmjs.org/which-module 73ms (cache revalidated)
npm http fetch GET 200 https://registry.npmjs.org/set-blocking 86ms (cache revalidated)
npm http fetch GET 200 https://registry.npmjs.org/get-caller-file 68ms (cache revalidated)
npm http fetch GET 200 https://registry.npmjs.org/require-main-filename 59ms (cache revalidated)
npm http fetch GET 200 https://registry.npmjs.org/require-directory 83ms (cache revalidated)
npm http fetch GET 200 https://registry.npmjs.org/lodash.defaults 273ms (cache revalidated)
npm http fetch GET 200 https://registry.npmjs.org/lazystream 314ms (cache revalidated)
npm http fetch GET 200 https://registry.npmjs.org/lodash.isplainobject 59ms (cache revalidated)
npm http fetch GET 200 https://registry.npmjs.org/lodash.flatten 271ms (cache revalidated)
npm http fetch GET 200 https://registry.npmjs.org/lodash.difference 683ms (cache revalidated)
npm http fetch GET 200 https://registry.npmjs.org/string_decoder 82ms (cache revalidated)
npm http fetch GET 200 https://registry.npmjs.org/normalize-path 299ms (cache revalidated)
npm http fetch GET 200 https://registry.npmjs.org/bl 61ms (cache revalidated)
npm http fetch GET 200 https://registry.npmjs.org/end-of-stream 76ms (cache revalidated)
npm http fetch GET 200 https://registry.npmjs.org/util-deprecate 369ms (cache revalidated)
npm http fetch GET 200 https://registry.npmjs.org/lodash.union 791ms (cache revalidated)
npm http fetch GET 200 https://registry.npmjs.org/compress-commons 300ms (cache revalidated)
npm http fetch GET 200 https://registry.npmjs.org/fs-constants 753ms (cache revalidated)
npm http fetch GET 200 https://registry.npmjs.org/core-util-is 67ms (cache revalidated)
npm http fetch GET 200 https://registry.npmjs.org/process-nextick-args 68ms (cache revalidated)
npm http fetch GET 200 https://registry.npmjs.org/isarray 69ms (cache revalidated)
npm http fetch GET 200 https://registry.npmjs.org/event-stream 73ms (cache revalidated)
npm http fetch GET 200 https://registry.npmjs.org/rimraf 75ms (cache revalidated)
npm http fetch GET 200 https://registry.npmjs.org/has-flag 67ms (cache revalidated)
npm http fetch GET 200 https://registry.npmjs.org/color-convert 70ms (cache revalidated)
npm http fetch GET 200 https://registry.npmjs.org/color-name 269ms (cache revalidated)
npm http fetch GET 200 https://registry.npmjs.org/emoji-regex 62ms (cache revalidated)
npm http fetch GET 200 https://registry.npmjs.org/is-fullwidth-code-point 74ms (cache revalidated)
npm http fetch GET 200 https://registry.npmjs.org/strip-ansi 105ms (cache revalidated)
npm http fetch GET 200 https://registry.npmjs.org/ieee754 57ms (cache revalidated)
npm http fetch GET 200 https://registry.npmjs.org/lodash.once 77ms (cache revalidated)
npm http fetch GET 200 https://registry.npmjs.org/base64-js 79ms (cache revalidated)
npm http fetch GET 200 https://registry.npmjs.org/restore-cursor 67ms (cache revalidated)
npm http fetch GET 200 https://registry.npmjs.org/onetime 79ms (cache revalidated)
npm http fetch GET 200 https://registry.npmjs.org/is-stream 63ms (cache revalidated)
npm http fetch GET 200 https://registry.npmjs.org/@colors%2fcolors 125ms (cache revalidated)
npm http fetch GET 200 https://registry.npmjs.org/get-stream 71ms (cache revalidated)
npm http fetch GET 200 https://registry.npmjs.org/signal-exit 66ms (cache revalidated)
npm http fetch GET 200 https://registry.npmjs.org/cross-spawn 81ms (cache revalidated)
npm http fetch GET 200 https://registry.npmjs.org/merge-stream 64ms (cache revalidated)
npm http fetch GET 200 https://registry.npmjs.org/npm-run-path 67ms (cache revalidated)
npm http fetch GET 200 https://registry.npmjs.org/human-signals 95ms (cache revalidated)
npm http fetch GET 200 https://registry.npmjs.org/strip-final-newline 84ms (cache revalidated)
npm http fetch GET 200 https://registry.npmjs.org/@types%2fyauzl 90ms (cache revalidated)
npm http fetch GET 200 https://registry.npmjs.org/at-least-node 72ms (cache revalidated)
npm http fetch GET 200 https://registry.npmjs.org/ci-info 74ms (cache revalidated)
npm http fetch GET 200 https://registry.npmjs.org/global-dirs 142ms (cache revalidated)
npm http fetch GET 200 https://registry.npmjs.org/rfdc 125ms (cache revalidated)
npm http fetch GET 200 https://registry.npmjs.org/rxjs 138ms (cache revalidated)
npm http fetch GET 200 https://registry.npmjs.org/p-map 157ms (cache revalidated)
npm http fetch GET 200 https://registry.npmjs.org/is-path-inside 331ms (cache revalidated)
npm http fetch GET 200 https://registry.npmjs.org/through 152ms (cache revalidated)
npm http fetch GET 200 https://registry.npmjs.org/colorette 134ms (cache revalidated)
npm http fetch GET 200 https://registry.npmjs.org/wrap-ansi 112ms (cache revalidated)
npm http fetch GET 200 https://registry.npmjs.org/cli-truncate 69ms (cache revalidated)
npm http fetch GET 200 https://registry.npmjs.org/log-update 81ms (cache revalidated)
npm http fetch GET 200 https://registry.npmjs.org/is-unicode-supported 77ms (cache revalidated)
npm http fetch GET 200 https://registry.npmjs.org/throttleit 76ms (cache revalidated)
npm http fetch GET 200 https://registry.npmjs.org/fd-slicer 314ms (cache revalidated)
npm http fetch GET 200 https://registry.npmjs.org/asynckit 60ms (cache revalidated)
npm http fetch GET 200 https://registry.npmjs.org/assert-plus 64ms (cache revalidated)
npm http fetch GET 200 https://registry.npmjs.org/delayed-stream 90ms (cache revalidated)
npm http fetch GET 200 https://registry.npmjs.org/sshpk 57ms (cache revalidated)
npm http fetch GET 200 https://registry.npmjs.org/jsprim 66ms (cache revalidated)
npm http fetch GET 200 https://registry.npmjs.org/mime-db 61ms (cache revalidated)
npm http fetch GET 200 https://registry.npmjs.org/psl 66ms (cache revalidated)
npm http fetch GET 200 https://registry.npmjs.org/side-channel 81ms (cache revalidated)
npm http fetch GET 200 https://registry.npmjs.org/punycode 63ms (cache revalidated)
npm http fetch GET 200 https://registry.npmjs.org/url-parse 80ms (cache revalidated)
npm http fetch GET 200 https://registry.npmjs.org/lodash.isfunction 70ms (cache revalidated)
npm http fetch GET 200 https://registry.npmjs.org/lodash.isstring 68ms (cache revalidated)
npm http fetch GET 200 https://registry.npmjs.org/lodash.isempty 297ms (cache revalidated)
npm http fetch GET 200 https://registry.npmjs.org/lodash.isobject 300ms (cache revalidated)
npm http fetch GET 200 https://registry.npmjs.org/escape-html 63ms (cache revalidated)
npm http fetch GET 200 https://registry.npmjs.org/dateformat 284ms (cache revalidated)
npm http fetch GET 200 https://registry.npmjs.org/prop-types 72ms (cache revalidated)
npm http fetch GET 200 https://registry.npmjs.org/opener 697ms (cache revalidated)
npm http fetch GET 200 https://registry.npmjs.org/fsu 812ms (cache revalidated)
npm http fetch GET 200 https://registry.npmjs.org/tcomb 661ms (cache revalidated)
npm http fetch GET 200 https://registry.npmjs.org/validator 317ms (cache revalidated)
npm http fetch GET 200 https://registry.npmjs.org/tcomb-validation 751ms (cache revalidated)
npm http fetch GET 200 https://registry.npmjs.org/file-type 321ms (cache revalidated)
npm http fetch GET 200 https://registry.npmjs.org/file-type 675ms (cache revalidated)
npm http fetch GET 200 https://registry.npmjs.org/seek-bzip 723ms (cache revalidated)
npm http fetch GET 200 https://registry.npmjs.org/is-natural-number 297ms (cache revalidated)
npm http fetch GET 200 https://registry.npmjs.org/unbzip2-stream 774ms (cache revalidated)
npm http fetch GET 200 https://registry.npmjs.org/xtend 111ms (cache revalidated)
npm http fetch GET 200 https://registry.npmjs.org/buffer-alloc 310ms (cache revalidated)
npm http fetch GET 200 https://registry.npmjs.org/to-buffer 305ms (cache revalidated)
npm http fetch GET 200 https://registry.npmjs.org/pinkie-promise 76ms (cache revalidated)
npm http fetch GET 200 https://registry.npmjs.org/object-assign 696ms (cache revalidated)
npm http fetch GET 200 https://registry.npmjs.org/ansi-regex 718ms (cache revalidated)
npm http fetch GET 200 https://registry.npmjs.org/path-key 65ms (cache revalidated)
npm http fetch GET 200 https://registry.npmjs.org/which 78ms (cache revalidated)
npm http fetch GET 200 https://registry.npmjs.org/pump 66ms (cache revalidated)
npm http fetch GET 200 https://registry.npmjs.org/mimic-fn 69ms (cache revalidated)
npm http fetch GET 200 https://registry.npmjs.org/shebang-command 711ms (cache revalidated)
npm http fetch GET 200 https://registry.npmjs.org/shebang-regex 661ms (cache revalidated)
npm http fetch GET 200 https://registry.npmjs.org/isexe 718ms (cache revalidated)
npm http fetch GET 200 https://registry.npmjs.org/undici-types 91ms (cache revalidated)
npm http fetch GET 200 https://registry.npmjs.org/pinkie 69ms (cache revalidated)
npm http fetch GET 200 https://registry.npmjs.org/wrappy 58ms (cache revalidated)
npm http fetch GET 200 https://registry.npmjs.org/brace-expansion 745ms (cache revalidated)
npm http fetch GET 200 https://registry.npmjs.org/extsprintf 69ms (cache revalidated)
npm http fetch GET 200 https://registry.npmjs.org/json-schema 70ms (cache revalidated)
npm http fetch GET 200 https://registry.npmjs.org/verror 72ms (cache revalidated)
npm http fetch GET 200 https://registry.npmjs.org/asn1 66ms (cache revalidated)
npm http fetch GET 200 https://registry.npmjs.org/getpass 68ms (cache revalidated)
npm http fetch GET 200 https://registry.npmjs.org/dashdash 76ms (cache revalidated)
npm http fetch GET 200 https://registry.npmjs.org/safer-buffer 72ms (cache revalidated)
npm http fetch GET 200 https://registry.npmjs.org/jsbn 71ms (cache revalidated)
npm http fetch GET 200 https://registry.npmjs.org/tweetnacl 80ms (cache revalidated)
npm http fetch GET 200 https://registry.npmjs.org/ecc-jsbn 75ms (cache revalidated)
npm http fetch GET 200 https://registry.npmjs.org/bcrypt-pbkdf 81ms (cache revalidated)
npm http fetch GET 200 https://registry.npmjs.org/ansi-escapes 67ms (cache revalidated)
npm http fetch GET 200 https://registry.npmjs.org/tslib 712ms (cache revalidated)
npm http fetch GET 200 https://registry.npmjs.org/aggregate-error 745ms (cache revalidated)
npm http fetch GET 200 https://registry.npmjs.org/astral-regex 54ms (cache revalidated)
npm http fetch GET 200 https://registry.npmjs.org/type-fest 771ms (cache revalidated)
npm http fetch GET 200 https://registry.npmjs.org/balanced-match 60ms (cache revalidated)
npm http fetch GET 200 https://registry.npmjs.org/concat-map 69ms (cache revalidated)
npm http fetch GET 200 https://registry.npmjs.org/anymatch 78ms (cache revalidated)
npm http fetch GET 200 https://registry.npmjs.org/glob-parent 82ms (cache revalidated)
npm http fetch GET 200 https://registry.npmjs.org/braces 95ms (cache revalidated)
npm http fetch GET 200 https://registry.npmjs.org/is-binary-path 79ms (cache revalidated)
npm http fetch GET 200 https://registry.npmjs.org/readdirp 79ms (cache revalidated)
npm http fetch GET 200 https://registry.npmjs.org/fsevents 63ms (cache revalidated)
npm http fetch GET 200 https://registry.npmjs.org/locate-path 59ms (cache revalidated)
npm http fetch GET 200 https://registry.npmjs.org/path-exists 71ms (cache revalidated)
npm http fetch GET 200 https://registry.npmjs.org/argparse 86ms (cache revalidated)
npm http fetch GET 200 https://registry.npmjs.org/randombytes 87ms (cache revalidated)
npm http fetch GET 200 https://registry.npmjs.org/camelcase 65ms (cache revalidated)
npm http fetch GET 200 https://registry.npmjs.org/is-glob 682ms (cache revalidated)
npm http fetch GET 200 https://registry.npmjs.org/escalade 666ms (cache revalidated)
npm http fetch GET 200 https://registry.npmjs.org/flat 749ms (cache revalidated)
npm http fetch GET 200 https://registry.npmjs.org/is-plain-obj 736ms (cache revalidated)
npm http fetch GET 200 https://registry.npmjs.org/picomatch 101ms (cache revalidated)
npm http fetch GET 200 https://registry.npmjs.org/fill-range 106ms (cache revalidated)
npm http fetch GET 200 https://registry.npmjs.org/binary-extensions 110ms (cache revalidated)
npm http fetch GET 200 https://registry.npmjs.org/is-extglob 725ms (cache revalidated)
npm http fetch GET 200 https://registry.npmjs.org/to-regex-range 73ms (cache revalidated)
npm http fetch GET 200 https://registry.npmjs.org/is-number 92ms (cache revalidated)
npm http fetch GET 200 https://registry.npmjs.org/p-locate 74ms (cache revalidated)
npm http fetch GET 200 https://registry.npmjs.org/p-limit 94ms (cache revalidated)
npm http fetch GET 200 https://registry.npmjs.org/react-is 288ms (cache revalidated)
npm http fetch GET 200 https://registry.npmjs.org/loose-envify 407ms (cache revalidated)
npm http fetch GET 200 https://registry.npmjs.org/easy-stack 690ms (cache revalidated)
npm http fetch GET 200 https://registry.npmjs.org/yocto-queue 84ms (cache revalidated)
npm http fetch GET 200 https://registry.npmjs.org/clean-stack 64ms (cache revalidated)
npm http fetch GET 200 https://registry.npmjs.org/indent-string 69ms (cache revalidated)
npm http fetch GET 200 https://registry.npmjs.org/js-tokens 66ms (cache revalidated)
npm http fetch GET 200 https://registry.npmjs.org/map-stream 70ms (cache revalidated)
npm http fetch GET 200 https://registry.npmjs.org/from 79ms (cache revalidated)
npm http fetch GET 200 https://registry.npmjs.org/duplexer 87ms (cache revalidated)
npm http fetch GET 200 https://registry.npmjs.org/pause-stream 88ms (cache revalidated)
npm http fetch GET 200 https://registry.npmjs.org/split 303ms (cache revalidated)
npm http fetch GET 200 https://registry.npmjs.org/stream-combiner 753ms (cache revalidated)
npm http fetch GET 200 https://registry.npmjs.org/get-intrinsic 68ms (cache revalidated)
npm http fetch GET 200 https://registry.npmjs.org/call-bind 79ms (cache revalidated)
npm http fetch GET 200 https://registry.npmjs.org/es-errors 718ms (cache revalidated)
npm http fetch GET 200 https://registry.npmjs.org/object-inspect 683ms (cache revalidated)
npm http fetch GET 200 https://registry.npmjs.org/har-schema 79ms (cache revalidated)
npm http fetch GET 200 https://registry.npmjs.org/fast-deep-equal 85ms (cache revalidated)
npm http fetch GET 200 https://registry.npmjs.org/json-schema-traverse 751ms (cache revalidated)
npm http fetch GET 200 https://registry.npmjs.org/fast-json-stable-stringify 674ms (cache revalidated)
npm http fetch GET 200 https://registry.npmjs.org/uri-js 773ms (cache revalidated)
npm http fetch GET 200 https://registry.npmjs.org/set-function-length 66ms (cache revalidated)
npm http fetch GET 200 https://registry.npmjs.org/es-define-property 92ms (cache revalidated)
npm http fetch GET 200 https://registry.npmjs.org/function-bind 97ms (cache revalidated)
npm http fetch GET 200 https://registry.npmjs.org/hasown 55ms (cache revalidated)
npm http fetch GET 200 https://registry.npmjs.org/has-symbols 68ms (cache revalidated)
npm http fetch GET 200 https://registry.npmjs.org/has-proto 80ms (cache revalidated)
npm http fetch GET 200 https://registry.npmjs.org/gopd 66ms (cache revalidated)
npm http fetch GET 200 https://registry.npmjs.org/define-data-property 69ms (cache revalidated)
npm http fetch GET 200 https://registry.npmjs.org/has-property-descriptors 743ms (cache revalidated)
npm http fetch GET 200 https://registry.npmjs.org/requires-port 85ms (cache revalidated)
npm http fetch GET 200 https://registry.npmjs.org/querystringify 92ms (cache revalidated)
npm http fetch GET 200 https://registry.npmjs.org/ansi-align 61ms (cache revalidated)
npm http fetch GET 200 https://registry.npmjs.org/widest-line 96ms (cache revalidated)
npm http fetch GET 200 https://registry.npmjs.org/dot-prop 76ms (cache revalidated)
npm http fetch GET 200 https://registry.npmjs.org/unique-string 63ms (cache revalidated)
npm http fetch GET 200 https://registry.npmjs.org/write-file-atomic 55ms (cache revalidated)
npm http fetch GET 200 https://registry.npmjs.org/package-json 57ms (cache revalidated)
npm http fetch GET 200 https://registry.npmjs.org/cli-boxes 297ms (cache revalidated)
npm http fetch GET 200 https://registry.npmjs.org/escape-goat 770ms (cache revalidated)
npm http fetch GET 200 https://registry.npmjs.org/eastasianwidth 66ms (cache revalidated)
npm http fetch GET 200 https://registry.npmjs.org/crypto-random-string 61ms (cache revalidated)
npm http fetch GET 200 https://registry.npmjs.org/imurmurhash 77ms (cache revalidated)
npm http fetch GET 200 https://registry.npmjs.org/is-obj 99ms (cache revalidated)
npm http fetch GET 200 https://registry.npmjs.org/typedarray-to-buffer 691ms (cache revalidated)
npm http fetch GET 200 https://registry.npmjs.org/got 77ms (cache revalidated)
npm http fetch GET 200 https://registry.npmjs.org/registry-auth-token 90ms (cache revalidated)
npm http fetch GET 200 https://registry.npmjs.org/registry-url 775ms (cache revalidated)
npm http fetch GET 200 https://registry.npmjs.org/responselike 300ms (cache revalidated)
npm http fetch GET 200 https://registry.npmjs.org/lowercase-keys 61ms (cache revalidated)
npm http fetch GET 200 https://registry.npmjs.org/p-cancelable 744ms (cache revalidated)
npm http fetch GET 200 https://registry.npmjs.org/http2-wrapper 771ms (cache revalidated)
npm http fetch GET 200 https://registry.npmjs.org/cacheable-lookup 341ms (cache revalidated)
npm http fetch GET 200 https://registry.npmjs.org/cacheable-request 361ms (cache revalidated)
npm http fetch GET 200 https://registry.npmjs.org/form-data-encoder 315ms (cache revalidated)
npm http fetch GET 200 https://registry.npmjs.org/decompress-response 313ms (cache revalidated)
npm http fetch GET 200 https://registry.npmjs.org/@sindresorhus%2fis 1572ms (cache revalidated)
npm http fetch GET 200 https://registry.npmjs.org/rc 71ms (cache revalidated)
npm http fetch GET 200 https://registry.npmjs.org/@pnpm%2fnpm-conf 1302ms (cache revalidated)
npm http fetch GET 200 https://registry.npmjs.org/@szmarczak%2fhttp-timer 1505ms (cache revalidated)
npm http fetch GET 200 https://registry.npmjs.org/http-cache-semantics 148ms (cache revalidated)
npm http fetch GET 200 https://registry.npmjs.org/keyv 130ms (cache revalidated)
npm http fetch GET 200 https://registry.npmjs.org/defer-to-connect 744ms (cache revalidated)
npm http fetch GET 200 https://registry.npmjs.org/@types%2fhttp-cache-semantics 905ms (cache revalidated)
npm http fetch GET 200 https://registry.npmjs.org/normalize-url 306ms (cache revalidated)
npm http fetch GET 200 https://registry.npmjs.org/mimic-response 790ms (cache revalidated)
npm http fetch GET 200 https://registry.npmjs.org/quick-lru 298ms (cache revalidated)
npm http fetch GET 200 https://registry.npmjs.org/mimic-response 733ms (cache revalidated)
npm http fetch GET 200 https://registry.npmjs.org/resolve-alpn 704ms (cache revalidated)
npm http fetch GET 200 https://registry.npmjs.org/json-buffer 67ms (cache revalidated)
npm http fetch GET 200 https://registry.npmjs.org/config-chain 714ms (cache revalidated)
npm http fetch GET 200 https://registry.npmjs.org/@pnpm%2fnetwork.ca-file 1164ms (cache revalidated)
npm http fetch GET 200 https://registry.npmjs.org/@pnpm%2fconfig.env-replace 1167ms (cache revalidated)
npm http fetch GET 200 https://registry.npmjs.org/proto-list 287ms (cache revalidated)
npm http fetch GET 200 https://registry.npmjs.org/deep-extend 62ms (cache revalidated)
npm http fetch GET 200 https://registry.npmjs.org/pend 65ms (cache revalidated)
npm http fetch GET 200 https://registry.npmjs.org/crc32-stream 262ms (cache revalidated)
npm http fetch GET 200 https://registry.npmjs.org/crc-32 750ms (cache revalidated)
npm http fetch GET 200 https://registry.npmjs.org/buffer-fill 725ms (cache revalidated)
npm http fetch GET 200 https://registry.npmjs.org/buffer-alloc-unsafe 866ms (cache revalidated)
npm http fetch GET 200 https://registry.npmjs.org/p-try 60ms (cache revalidated)
npm verb reify failed optional dependency C:\Users\felip\OneDrive\Documentos\GitHub\automacao-web-pgats\tmpBstackPackages\node_modules\fsevents
npm http fetch POST 200 https://registry.npmjs.org/-/npm/v1/security/advisories/bulk 1354ms
npm WARN deprecated inflight@1.0.6: This module is not supported, and leaks memory. Do not use it. Check out lru-cache if you want a good and tested way to coalesce async requests by a key value, which is much more comprehensive and powerful.
npm WARN deprecated rimraf@2.5.4: Rimraf versions prior to v4 are no longer supported
npm WARN deprecated har-validator@5.1.5: this library is no longer supported
npm WARN deprecated glob@7.2.3: Glob versions prior to v9 are no longer supported
npm WARN deprecated glob@8.1.0: Glob versions prior to v9 are no longer supported
npm WARN deprecated uuid@3.4.0: Please upgrade  to version 7 or higher.  Older versions may use Math.random() in certain circumstances, which is known to be problematic.  See https://v8.dev/blog/math-random for details.
npm WARN deprecated request@2.88.2: request has been deprecated, see https://github.com/request/request/issues/3142
npm info run cypress@13.13.1 postinstall node_modules/cypress node index.js --exec install
npm info run cypress@13.13.1 postinstall { code: 0, signal: null }

added 501 packages, and audited 502 packages in 2m

96 packages are looking for funding
  run `npm fund` for details

3 moderate severity vulnerabilities

To address all issues (including breaking changes), run:
  npm audit fix --force

Run `npm audit` for details.
npm verb exit 0
npm info ok 
